<?xml version="1.0" encoding="UTF-8"?>
<!-- Generated by org.testng.reporters.JUnitReportReporter -->
<testsuite hostname="CHAITRA" failures="0" tests="1" name="scripts.Testcase1" time="17.902" errors="0" timestamp="2023-06-28T14:05:11 BST" skipped="0">
  <testcase classname="scripts.Testcase1" name="tc1" time="17.902"/>
  <system-out/>
</testsuite> <!-- scripts.Testcase1 -->
