<?xml version="1.0" encoding="UTF-8"?>
<!-- Generated by org.testng.reporters.JUnitReportReporter -->
<testsuite hostname="CHAITRA" failures="0" tests="1" name="scripts.Testcase3" time="33.781" errors="0" timestamp="2023-06-28T16:54:59 BST" skipped="0">
  <testcase classname="scripts.Testcase3" name="tc3" time="33.781"/>
  <system-out/>
</testsuite> <!-- scripts.Testcase3 -->
