<?xml version="1.0" encoding="UTF-8"?>
<!-- Generated by org.testng.reporters.JUnitReportReporter -->
<testsuite hostname="CHAITRA" failures="0" tests="1" name="scripts.Testcase2" time="19.704" errors="0" timestamp="2023-06-28T16:54:59 BST" skipped="0">
  <testcase classname="scripts.Testcase2" name="tc2" time="19.704"/>
  <system-out/>
</testsuite> <!-- scripts.Testcase2 -->
